Flow report for step_curve
Fri Jan 30 15:01:03 2015
Quartus II 64-Bit Version 13.1.0 Build 162 10/23/2013 SJ Full Version


---------------------
; Table of Contents ;
---------------------
  1. Legal Notice
  2. Flow Summary
  3. Flow Settings
  4. Flow Non-Default Global Settings
  5. Flow Elapsed Time
  6. Flow OS Summary
  7. Flow Log
  8. Flow Messages
  9. Flow Suppressed Messages



----------------
; Legal Notice ;
----------------
Copyright (C) 1991-2013 Altera Corporation
Your use of Altera Corporation's design tools, logic functions 
and other software and tools, and its AMPP partner logic 
functions, and any output files from any of the foregoing 
(including device programming or simulation files), and any 
associated documentation or information are expressly subject 
to the terms and conditions of the Altera Program License 
Subscription Agreement, Altera MegaCore Function License 
Agreement, or other applicable license agreement, including, 
without limitation, that your use is for the sole purpose of 
programming logic devices manufactured by Altera and sold by 
Altera or its authorized distributors.  Please refer to the 
applicable agreement for further details.



+----------------------------------------------------------------------------------+
; Flow Summary                                                                     ;
+------------------------------------+---------------------------------------------+
; Flow Status                        ; Successful - Fri Jan 30 15:01:03 2015       ;
; Quartus II 64-Bit Version          ; 13.1.0 Build 162 10/23/2013 SJ Full Version ;
; Revision Name                      ; step_curve                                  ;
; Top-level Entity Name              ; step_curve_top                              ;
; Family                             ; Cyclone III                                 ;
; Device                             ; EP3C120F780C7                               ;
; Timing Models                      ; Final                                       ;
; Total logic elements               ; 515 / 119,088 ( < 1 % )                     ;
;     Total combinational functions  ; 515 / 119,088 ( < 1 % )                     ;
;     Dedicated logic registers      ; 67 / 119,088 ( < 1 % )                      ;
; Total registers                    ; 67                                          ;
; Total pins                         ; 20 / 532 ( 4 % )                            ;
; Total virtual pins                 ; 0                                           ;
; Total memory bits                  ; 0 / 3,981,312 ( 0 % )                       ;
; Embedded Multiplier 9-bit elements ; 0 / 576 ( 0 % )                             ;
; Total PLLs                         ; 0 / 4 ( 0 % )                               ;
+------------------------------------+---------------------------------------------+


+-----------------------------------------+
; Flow Settings                           ;
+-------------------+---------------------+
; Option            ; Setting             ;
+-------------------+---------------------+
; Start date & time ; 01/30/2015 14:59:48 ;
; Main task         ; Compilation         ;
; Revision Name     ; step_curve          ;
+-------------------+---------------------+


+------------------------------------------------------------------------------------------------------------------------------------+
; Flow Non-Default Global Settings                                                                                                   ;
+-------------------------------------------------+--------------------------------+---------------+----------------+----------------+
; Assignment Name                                 ; Value                          ; Default Value ; Entity Name    ; Section Id     ;
+-------------------------------------------------+--------------------------------+---------------+----------------+----------------+
; ADV_NETLIST_OPT_SYNTH_WYSIWYG_REMAP             ; On                             ; Off           ; --             ; --             ;
; ALLOW_SHIFT_REGISTER_MERGING_ACROSS_HIERARCHIES ; Always                         ; Auto          ; --             ; --             ;
; AUTO_SHIFT_REGISTER_RECOGNITION                 ; Always                         ; Auto          ; --             ; --             ;
; COMPILER_SIGNATURE_ID                           ; 26833626167745.142265158821063 ; --            ; --             ; --             ;
; EDA_OUTPUT_DATA_FORMAT                          ; Vhdl                           ; --            ; --             ; eda_simulation ;
; EDA_SIMULATION_TOOL                             ; ModelSim-Altera (VHDL)         ; <None>        ; --             ; --             ;
; EDA_TIME_SCALE                                  ; 1 ps                           ; --            ; --             ; eda_simulation ;
; IP_TOOL_NAME                                    ; LPM_COUNTER                    ; --            ; --             ; --             ;
; IP_TOOL_VERSION                                 ; 13.1                           ; --            ; --             ; --             ;
; MAXII_OPTIMIZATION_TECHNIQUE                    ; Area                           ; Balanced      ; --             ; --             ;
; MAX_CORE_JUNCTION_TEMP                          ; 85                             ; --            ; --             ; --             ;
; MIN_CORE_JUNCTION_TEMP                          ; 0                              ; --            ; --             ; --             ;
; MISC_FILE                                       ; clock_divide.bsf               ; --            ; --             ; --             ;
; MISC_FILE                                       ; clock_divide.cmp               ; --            ; --             ; --             ;
; MUX_RESTRUCTURE                                 ; On                             ; Auto          ; --             ; --             ;
; PARTITION_COLOR                                 ; 16764057                       ; --            ; step_curve_top ; Top            ;
; PARTITION_FITTER_PRESERVATION_LEVEL             ; PLACEMENT_AND_ROUTING          ; --            ; step_curve_top ; Top            ;
; PARTITION_NETLIST_TYPE                          ; SOURCE                         ; --            ; step_curve_top ; Top            ;
; POWER_PRESET_COOLING_SOLUTION                   ; No Heat Sink With Still Air    ; --            ; --             ; --             ;
; PROJECT_OUTPUT_DIRECTORY                        ; output_files                   ; --            ; --             ; --             ;
; REMOVE_REDUNDANT_LOGIC_CELLS                    ; On                             ; Off           ; --             ; --             ;
; SMART_RECOMPILE                                 ; On                             ; Off           ; --             ; --             ;
; TOP_LEVEL_ENTITY                                ; step_curve_top                 ; step_curve    ; --             ; --             ;
+-------------------------------------------------+--------------------------------+---------------+----------------+----------------+


+-------------------------------------------------------------------------------------------------------------------------------+
; Flow Elapsed Time                                                                                                             ;
+---------------------------+--------------+-------------------------+---------------------+------------------------------------+
; Module Name               ; Elapsed Time ; Average Processors Used ; Peak Virtual Memory ; Total CPU Time (on all processors) ;
+---------------------------+--------------+-------------------------+---------------------+------------------------------------+
; Analysis & Synthesis      ; 00:00:10     ; 1.0                     ; 687 MB              ; 00:00:09                           ;
; Fitter                    ; 00:00:40     ; 1.3                     ; 1151 MB             ; 00:00:48                           ;
; Assembler                 ; 00:00:07     ; 1.0                     ; 628 MB              ; 00:00:07                           ;
; TimeQuest Timing Analyzer ; 00:00:03     ; 1.0                     ; 697 MB              ; 00:00:03                           ;
; EDA Netlist Writer        ; 00:00:02     ; 1.0                     ; 859 MB              ; 00:00:02                           ;
; Total                     ; 00:01:02     ; --                      ; --                  ; 00:01:09                           ;
+---------------------------+--------------+-------------------------+---------------------+------------------------------------+


+-----------------------------------------------------------------------------------------+
; Flow OS Summary                                                                         ;
+---------------------------+------------------+------------+------------+----------------+
; Module Name               ; Machine Hostname ; OS Name    ; OS Version ; Processor type ;
+---------------------------+------------------+------------+------------+----------------+
; Analysis & Synthesis      ; epiphyte         ; Arch Linux ; Arch Linux ; x86_64         ;
; Fitter                    ; epiphyte         ; Arch Linux ; Arch Linux ; x86_64         ;
; Assembler                 ; epiphyte         ; Arch Linux ; Arch Linux ; x86_64         ;
; TimeQuest Timing Analyzer ; epiphyte         ; Arch Linux ; Arch Linux ; x86_64         ;
; EDA Netlist Writer        ; epiphyte         ; Arch Linux ; Arch Linux ; x86_64         ;
+---------------------------+------------------+------------+------------+----------------+


------------
; Flow Log ;
------------
quartus_map --read_settings_files=on --write_settings_files=off step_curve -c step_curve
quartus_fit --read_settings_files=off --write_settings_files=off step_curve -c step_curve
quartus_asm --read_settings_files=off --write_settings_files=off step_curve -c step_curve
quartus_sta step_curve -c step_curve
quartus_eda --read_settings_files=off --write_settings_files=off step_curve -c step_curve



